# JRE version: Java(TM) SE Runtime Environment (8.0_181-b13) (build 1.8.0_181-b13)
# Java VM: Java HotSpot(TM) 64-Bit Server VM (25.181-b13 mixed mode windows-amd64 compressed oops)
Heap:
 PSYoungGen      total 137728K, used 46995K [0x00000000d5d00000, 0x00000000e3680000, 0x0000000100000000)
  eden space 128512K, 31% used [0x00000000d5d00000,0x00000000d8423590,0x00000000dda80000)
  from space 9216K, 75% used [0x00000000dda80000,0x00000000de141848,0x00000000de380000)
  to   space 9216K, 0% used [0x00000000e2d80000,0x00000000e2d80000,0x00000000e3680000)
 ParOldGen       total 49664K, used 7304K [0x0000000081600000, 0x0000000084680000, 0x00000000d5d00000)
  object space 49664K, 14% used [0x0000000081600000,0x0000000081d222c0,0x0000000084680000)
 Metaspace       used 27776K, capacity 28618K, committed 28928K, reserved 1075200K
  class space    used 3501K, capacity 3717K, committed 3840K, reserved 1048576K
GC Heap History (10 events):
Event: 1.557 GC heap before
{Heap before GC invocations=4 (full 0):
 PSYoungGen      total 38400K, used 38398K [0x00000000d5d00000, 0x00000000da800000, 0x0000000100000000)
  eden space 33280K, 100% used [0x00000000d5d00000,0x00000000d7d80000,0x00000000d7d80000)
  from space 5120K, 99% used [0x00000000d7d80000,0x00000000d827fa78,0x00000000d8280000)
  to   space 5120K, 0% used [0x00000000da300000,0x00000000da300000,0x00000000da800000)
 ParOldGen       total 87552K, used 2179K [0x0000000081600000, 0x0000000086b80000, 0x00000000d5d00000)
  object space 87552K, 2% used [0x0000000081600000,0x0000000081820c88,0x0000000086b80000)
 Metaspace       used 20120K, capacity 20720K, committed 20992K, reserved 1067008K
  class space    used 2594K, capacity 2738K, committed 2816K, reserved 1048576K
Event: 1.564 GC heap after
Heap after GC invocations=4 (full 0):
 PSYoungGen      total 71680K, used 5107K [0x00000000d5d00000, 0x00000000da800000, 0x0000000100000000)
  eden space 66560K, 0% used [0x00000000d5d00000,0x00000000d5d00000,0x00000000d9e00000)
  from space 5120K, 99% used [0x00000000da300000,0x00000000da7fcfa8,0x00000000da800000)
  to   space 5120K, 0% used [0x00000000d9e00000,0x00000000d9e00000,0x00000000da300000)
 ParOldGen       total 87552K, used 5457K [0x0000000081600000, 0x0000000086b80000, 0x00000000d5d00000)
  object space 87552K, 6% used [0x0000000081600000,0x0000000081b546c8,0x0000000086b80000)
 Metaspace       used 20120K, capacity 20720K, committed 20992K, reserved 1067008K
  class space    used 2594K, capacity 2738K, committed 2816K, reserved 1048576K
}
Event: 1.595 GC heap before
{Heap before GC invocations=5 (full 0):
 PSYoungGen      total 71680K, used 12734K [0x00000000d5d00000, 0x00000000da800000, 0x0000000100000000)
  eden space 66560K, 11% used [0x00000000d5d00000,0x00000000d6472ae8,0x00000000d9e00000)
  from space 5120K, 99% used [0x00000000da300000,0x00000000da7fcfa8,0x00000000da800000)
  to   space 5120K, 0% used [0x00000000d9e00000,0x00000000d9e00000,0x00000000da300000)
 ParOldGen       total 87552K, used 5457K [0x0000000081600000, 0x0000000086b80000, 0x00000000d5d00000)
  object space 87552K, 6% used [0x0000000081600000,0x0000000081b546c8,0x0000000086b80000)
 Metaspace       used 20585K, capacity 21192K, committed 21248K, reserved 1067008K
  class space    used 2665K, capacity 2806K, committed 2816K, reserved 1048576K
Event: 1.600 GC heap after
Heap after GC invocations=5 (full 0):
 PSYoungGen      total 71680K, used 5117K [0x00000000d5d00000, 0x00000000df100000, 0x0000000100000000)
  eden space 66560K, 0% used [0x00000000d5d00000,0x00000000d5d00000,0x00000000d9e00000)
  from space 5120K, 99% used [0x00000000d9e00000,0x00000000da2ff5d8,0x00000000da300000)
  to   space 9216K, 0% used [0x00000000de800000,0x00000000de800000,0x00000000df100000)
 ParOldGen       total 87552K, used 5878K [0x0000000081600000, 0x0000000086b80000, 0x00000000d5d00000)
  object space 87552K, 6% used [0x0000000081600000,0x0000000081bbda60,0x0000000086b80000)
 Metaspace       used 20585K, capacity 21192K, committed 21248K, reserved 1067008K
  class space    used 2665K, capacity 2806K, committed 2816K, reserved 1048576K
}
Event: 1.600 GC heap before
{Heap before GC invocations=6 (full 1):
 PSYoungGen      total 71680K, used 5117K [0x00000000d5d00000, 0x00000000df100000, 0x0000000100000000)
  eden space 66560K, 0% used [0x00000000d5d00000,0x00000000d5d00000,0x00000000d9e00000)
  from space 5120K, 99% used [0x00000000d9e00000,0x00000000da2ff5d8,0x00000000da300000)
  to   space 9216K, 0% used [0x00000000de800000,0x00000000de800000,0x00000000df100000)
 ParOldGen       total 87552K, used 5878K [0x0000000081600000, 0x0000000086b80000, 0x00000000d5d00000)
  object space 87552K, 6% used [0x0000000081600000,0x0000000081bbda60,0x0000000086b80000)
 Metaspace       used 20585K, capacity 21192K, committed 21248K, reserved 1067008K
  class space    used 2665K, capacity 2806K, committed 2816K, reserved 1048576K
Event: 1.622 GC heap after
Heap after GC invocations=6 (full 1):
 PSYoungGen      total 71680K, used 0K [0x00000000d5d00000, 0x00000000df100000, 0x0000000100000000)
  eden space 66560K, 0% used [0x00000000d5d00000,0x00000000d5d00000,0x00000000d9e00000)
  from space 5120K, 0% used [0x00000000d9e00000,0x00000000d9e00000,0x00000000da300000)
  to   space 9216K, 0% used [0x00000000de800000,0x00000000de800000,0x00000000df100000)
 ParOldGen       total 49664K, used 5334K [0x0000000081600000, 0x0000000084680000, 0x00000000d5d00000)
  object space 49664K, 10% used [0x0000000081600000,0x0000000081b35bd8,0x0000000084680000)
 Metaspace       used 20584K, capacity 21186K, committed 21248K, reserved 1067008K
  class space    used 2664K, capacity 2805K, committed 2816K, reserved 1048576K
}
Event: 1.909 GC heap before
{Heap before GC invocations=7 (full 1):
 PSYoungGen      total 71680K, used 66558K [0x00000000d5d00000, 0x00000000df100000, 0x0000000100000000)
  eden space 66560K, 99% used [0x00000000d5d00000,0x00000000d9dff820,0x00000000d9e00000)
  from space 5120K, 0% used [0x00000000d9e00000,0x00000000d9e00000,0x00000000da300000)
  to   space 9216K, 0% used [0x00000000de800000,0x00000000de800000,0x00000000df100000)
 ParOldGen       total 49664K, used 7238K [0x0000000081600000, 0x0000000084680000, 0x00000000d5d00000)
  object space 49664K, 14% used [0x0000000081600000,0x0000000081d119e0,0x0000000084680000)
 Metaspace       used 23341K, capacity 24008K, committed 24192K, reserved 1071104K
  class space    used 2935K, capacity 3126K, committed 3200K, reserved 1048576K
Event: 1.915 GC heap after
Heap after GC invocations=7 (full 1):
 PSYoungGen      total 122368K, used 4154K [0x00000000d5d00000, 0x00000000dec80000, 0x0000000100000000)
  eden space 117760K, 0% used [0x00000000d5d00000,0x00000000d5d00000,0x00000000dd000000)
  from space 4608K, 90% used [0x00000000de800000,0x00000000dec0e948,0x00000000dec80000)
  to   space 9216K, 0% used [0x00000000dda80000,0x00000000dda80000,0x00000000de380000)
 ParOldGen       total 49664K, used 7246K [0x0000000081600000, 0x0000000084680000, 0x00000000d5d00000)
  object space 49664K, 14% used [0x0000000081600000,0x0000000081d139e0,0x0000000084680000)
 Metaspace       used 23341K, capacity 24008K, committed 24192K, reserved 1071104K
  class space    used 2935K, capacity 3126K, committed 3200K, reserved 1048576K
}
Event: 2.401 GC heap before
{Heap before GC invocations=8 (full 1):
 PSYoungGen      total 122368K, used 121914K [0x00000000d5d00000, 0x00000000dec80000, 0x0000000100000000)
  eden space 117760K, 100% used [0x00000000d5d00000,0x00000000dd000000,0x00000000dd000000)
  from space 4608K, 90% used [0x00000000de800000,0x00000000dec0e948,0x00000000dec80000)
  to   space 9216K, 0% used [0x00000000dda80000,0x00000000dda80000,0x00000000de380000)
 ParOldGen       total 49664K, used 7296K [0x0000000081600000, 0x0000000084680000, 0x00000000d5d00000)
  object space 49664K, 14% used [0x0000000081600000,0x0000000081d202c0,0x0000000084680000)
 Metaspace       used 26542K, capacity 27284K, committed 27392K, reserved 1073152K
  class space    used 3337K, capacity 3540K, committed 3584K, reserved 1048576K
Event: 2.411 GC heap after
Heap after GC invocations=8 (full 1):
 PSYoungGen      total 137728K, used 6918K [0x00000000d5d00000, 0x00000000e3680000, 0x0000000100000000)
  eden space 128512K, 0% used [0x00000000d5d00000,0x00000000d5d00000,0x00000000dda80000)
  from space 9216K, 75% used [0x00000000dda80000,0x00000000de141848,0x00000000de380000)
  to   space 9216K, 0% used [0x00000000e2d80000,0x00000000e2d80000,0x00000000e3680000)
 ParOldGen       total 49664K, used 7304K [0x0000000081600000, 0x0000000084680000, 0x00000000d5d00000)
  object space 49664K, 14% used [0x0000000081600000,0x0000000081d222c0,0x0000000084680000)
 Metaspace       used 26542K, capacity 27284K, committed 27392K, reserved 1073152K
  class space    used 3337K, capacity 3540K, committed 3584K, reserved 1048576K
}

