# JRE version: Java(TM) SE Runtime Environment (8.0_181-b13) (build 1.8.0_181-b13)
# Java VM: Java HotSpot(TM) 64-Bit Server VM (25.181-b13 mixed mode windows-amd64 compressed oops)
Heap:
 PSYoungGen      total 141824K, used 78756K [0x00000000d5d00000, 0x00000000df000000, 0x0000000100000000)
  eden space 133120K, 55% used [0x00000000d5d00000,0x00000000da4ca038,0x00000000ddf00000)
  from space 8704K, 60% used [0x00000000ddf00000,0x00000000de41f180,0x00000000de780000)
  to   space 8704K, 0% used [0x00000000de780000,0x00000000de780000,0x00000000df000000)
 ParOldGen       total 48640K, used 5040K [0x0000000081600000, 0x0000000084580000, 0x00000000d5d00000)
  object space 48640K, 10% used [0x0000000081600000,0x0000000081aec2a8,0x0000000084580000)
 Metaspace       used 27213K, capacity 27986K, committed 28284K, reserved 1073152K
  class space    used 3424K, capacity 3641K, committed 3708K, reserved 1048576K
GC Heap History (10 events):
Event: 1.331 GC heap before
{Heap before GC invocations=4 (full 0):
 PSYoungGen      total 38400K, used 38369K [0x00000000d5d00000, 0x00000000da800000, 0x0000000100000000)
  eden space 33280K, 100% used [0x00000000d5d00000,0x00000000d7d80000,0x00000000d7d80000)
  from space 5120K, 99% used [0x00000000d7d80000,0x00000000d82786f0,0x00000000d8280000)
  to   space 5120K, 0% used [0x00000000da300000,0x00000000da300000,0x00000000da800000)
 ParOldGen       total 87552K, used 1973K [0x0000000081600000, 0x0000000086b80000, 0x00000000d5d00000)
  object space 87552K, 2% used [0x0000000081600000,0x00000000817ed4c8,0x0000000086b80000)
 Metaspace       used 20130K, capacity 20714K, committed 20992K, reserved 1067008K
  class space    used 2587K, capacity 2737K, committed 2816K, reserved 1048576K
Event: 1.339 GC heap after
Heap after GC invocations=4 (full 0):
 PSYoungGen      total 71680K, used 5116K [0x00000000d5d00000, 0x00000000da800000, 0x0000000100000000)
  eden space 66560K, 0% used [0x00000000d5d00000,0x00000000d5d00000,0x00000000d9e00000)
  from space 5120K, 99% used [0x00000000da300000,0x00000000da7ff1e8,0x00000000da800000)
  to   space 5120K, 0% used [0x00000000d9e00000,0x00000000d9e00000,0x00000000da300000)
 ParOldGen       total 87552K, used 5265K [0x0000000081600000, 0x0000000086b80000, 0x00000000d5d00000)
  object space 87552K, 6% used [0x0000000081600000,0x0000000081b24738,0x0000000086b80000)
 Metaspace       used 20130K, capacity 20714K, committed 20992K, reserved 1067008K
  class space    used 2587K, capacity 2737K, committed 2816K, reserved 1048576K
}
Event: 1.376 GC heap before
{Heap before GC invocations=5 (full 0):
 PSYoungGen      total 71680K, used 12557K [0x00000000d5d00000, 0x00000000da800000, 0x0000000100000000)
  eden space 66560K, 11% used [0x00000000d5d00000,0x00000000d6444450,0x00000000d9e00000)
  from space 5120K, 99% used [0x00000000da300000,0x00000000da7ff1e8,0x00000000da800000)
  to   space 5120K, 0% used [0x00000000d9e00000,0x00000000d9e00000,0x00000000da300000)
 ParOldGen       total 87552K, used 5265K [0x0000000081600000, 0x0000000086b80000, 0x00000000d5d00000)
  object space 87552K, 6% used [0x0000000081600000,0x0000000081b24738,0x0000000086b80000)
 Metaspace       used 20615K, capacity 21288K, committed 21552K, reserved 1069056K
  class space    used 2669K, capacity 2838K, committed 2864K, reserved 1048576K
Event: 1.381 GC heap after
Heap after GC invocations=5 (full 0):
 PSYoungGen      total 71680K, used 5088K [0x00000000d5d00000, 0x00000000df000000, 0x0000000100000000)
  eden space 66560K, 0% used [0x00000000d5d00000,0x00000000d5d00000,0x00000000d9e00000)
  from space 5120K, 99% used [0x00000000d9e00000,0x00000000da2f8298,0x00000000da300000)
  to   space 8704K, 0% used [0x00000000de780000,0x00000000de780000,0x00000000df000000)
 ParOldGen       total 87552K, used 5714K [0x0000000081600000, 0x0000000086b80000, 0x00000000d5d00000)
  object space 87552K, 6% used [0x0000000081600000,0x0000000081b948e8,0x0000000086b80000)
 Metaspace       used 20615K, capacity 21288K, committed 21552K, reserved 1069056K
  class space    used 2669K, capacity 2838K, committed 2864K, reserved 1048576K
}
Event: 1.411 GC heap before
{Heap before GC invocations=6 (full 0):
 PSYoungGen      total 71680K, used 9745K [0x00000000d5d00000, 0x00000000df000000, 0x0000000100000000)
  eden space 66560K, 6% used [0x00000000d5d00000,0x00000000d618c2a8,0x00000000d9e00000)
  from space 5120K, 99% used [0x00000000d9e00000,0x00000000da2f8298,0x00000000da300000)
  to   space 8704K, 0% used [0x00000000de780000,0x00000000de780000,0x00000000df000000)
 ParOldGen       total 87552K, used 5714K [0x0000000081600000, 0x0000000086b80000, 0x00000000d5d00000)
  object space 87552K, 6% used [0x0000000081600000,0x0000000081b948e8,0x0000000086b80000)
 Metaspace       used 20879K, capacity 21496K, committed 21628K, reserved 1069056K
  class space    used 2702K, capacity 2894K, committed 2940K, reserved 1048576K
Event: 1.417 GC heap after
Heap after GC invocations=6 (full 0):
 PSYoungGen      total 141824K, used 5212K [0x00000000d5d00000, 0x00000000df000000, 0x0000000100000000)
  eden space 133120K, 0% used [0x00000000d5d00000,0x00000000d5d00000,0x00000000ddf00000)
  from space 8704K, 59% used [0x00000000de780000,0x00000000dec97360,0x00000000df000000)
  to   space 8704K, 0% used [0x00000000ddf00000,0x00000000ddf00000,0x00000000de780000)
 ParOldGen       total 87552K, used 5722K [0x0000000081600000, 0x0000000086b80000, 0x00000000d5d00000)
  object space 87552K, 6% used [0x0000000081600000,0x0000000081b968e8,0x0000000086b80000)
 Metaspace       used 20879K, capacity 21496K, committed 21628K, reserved 1069056K
  class space    used 2702K, capacity 2894K, committed 2940K, reserved 1048576K
}
Event: 1.417 GC heap before
{Heap before GC invocations=7 (full 1):
 PSYoungGen      total 141824K, used 5212K [0x00000000d5d00000, 0x00000000df000000, 0x0000000100000000)
  eden space 133120K, 0% used [0x00000000d5d00000,0x00000000d5d00000,0x00000000ddf00000)
  from space 8704K, 59% used [0x00000000de780000,0x00000000dec97360,0x00000000df000000)
  to   space 8704K, 0% used [0x00000000ddf00000,0x00000000ddf00000,0x00000000de780000)
 ParOldGen       total 87552K, used 5722K [0x0000000081600000, 0x0000000086b80000, 0x00000000d5d00000)
  object space 87552K, 6% used [0x0000000081600000,0x0000000081b968e8,0x0000000086b80000)
 Metaspace       used 20879K, capacity 21496K, committed 21628K, reserved 1069056K
  class space    used 2702K, capacity 2894K, committed 2940K, reserved 1048576K
Event: 1.443 GC heap after
Heap after GC invocations=7 (full 1):
 PSYoungGen      total 141824K, used 0K [0x00000000d5d00000, 0x00000000df000000, 0x0000000100000000)
  eden space 133120K, 0% used [0x00000000d5d00000,0x00000000d5d00000,0x00000000ddf00000)
  from space 8704K, 0% used [0x00000000de780000,0x00000000de780000,0x00000000df000000)
  to   space 8704K, 0% used [0x00000000ddf00000,0x00000000ddf00000,0x00000000de780000)
 ParOldGen       total 48640K, used 5032K [0x0000000081600000, 0x0000000084580000, 0x00000000d5d00000)
  object space 48640K, 10% used [0x0000000081600000,0x0000000081aea2a8,0x0000000084580000)
 Metaspace       used 20877K, capacity 21490K, committed 21628K, reserved 1069056K
  class space    used 2702K, capacity 2893K, committed 2940K, reserved 1048576K
}
Event: 1.770 GC heap before
{Heap before GC invocations=8 (full 1):
 PSYoungGen      total 141824K, used 133120K [0x00000000d5d00000, 0x00000000df000000, 0x0000000100000000)
  eden space 133120K, 100% used [0x00000000d5d00000,0x00000000ddf00000,0x00000000ddf00000)
  from space 8704K, 0% used [0x00000000de780000,0x00000000de780000,0x00000000df000000)
  to   space 8704K, 0% used [0x00000000ddf00000,0x00000000ddf00000,0x00000000de780000)
 ParOldGen       total 48640K, used 5032K [0x0000000081600000, 0x0000000084580000, 0x00000000d5d00000)
  object space 48640K, 10% used [0x0000000081600000,0x0000000081aea2a8,0x0000000084580000)
 Metaspace       used 24277K, capacity 24988K, committed 25340K, reserved 1071104K
  class space    used 3050K, capacity 3260K, committed 3324K, reserved 1048576K
Event: 1.778 GC heap after
Heap after GC invocations=8 (full 1):
 PSYoungGen      total 141824K, used 5244K [0x00000000d5d00000, 0x00000000df000000, 0x0000000100000000)
  eden space 133120K, 0% used [0x00000000d5d00000,0x00000000d5d00000,0x00000000ddf00000)
  from space 8704K, 60% used [0x00000000ddf00000,0x00000000de41f180,0x00000000de780000)
  to   space 8704K, 0% used [0x00000000de780000,0x00000000de780000,0x00000000df000000)
 ParOldGen       total 48640K, used 5040K [0x0000000081600000, 0x0000000084580000, 0x00000000d5d00000)
  object space 48640K, 10% used [0x0000000081600000,0x0000000081aec2a8,0x0000000084580000)
 Metaspace       used 24277K, capacity 24988K, committed 25340K, reserved 1071104K
  class space    used 3050K, capacity 3260K, committed 3324K, reserved 1048576K
}

