# JRE version: Java(TM) SE Runtime Environment (8.0_181-b13) (build 1.8.0_181-b13)
# Java VM: Java HotSpot(TM) 64-Bit Server VM (25.181-b13 mixed mode windows-amd64 compressed oops)
Heap:
 PSYoungGen      total 210432K, used 23727K [0x00000000d5d00000, 0x00000000e8300000, 0x0000000100000000)
  eden space 198656K, 11% used [0x00000000d5d00000,0x00000000d742bda0,0x00000000e1f00000)
  from space 11776K, 0% used [0x00000000e1f00000,0x00000000e1f00000,0x00000000e2a80000)
  to   space 11264K, 0% used [0x00000000e7800000,0x00000000e7800000,0x00000000e8300000)
 ParOldGen       total 71168K, used 12150K [0x0000000081600000, 0x0000000085b80000, 0x00000000d5d00000)
  object space 71168K, 17% used [0x0000000081600000,0x00000000821dda38,0x0000000085b80000)
 Metaspace       used 36410K, capacity 37908K, committed 38064K, reserved 1083392K
  class space    used 4716K, capacity 4996K, committed 5040K, reserved 1048576K
GC Heap History (10 events):
Event: 2.472 GC heap before
{Heap before GC invocations=7 (full 1):
 PSYoungGen      total 71680K, used 66560K [0x00000000d5d00000, 0x00000000df100000, 0x0000000100000000)
  eden space 66560K, 100% used [0x00000000d5d00000,0x00000000d9e00000,0x00000000d9e00000)
  from space 5120K, 0% used [0x00000000d9e00000,0x00000000d9e00000,0x00000000da300000)
  to   space 9216K, 0% used [0x00000000de800000,0x00000000de800000,0x00000000df100000)
 ParOldGen       total 49664K, used 5150K [0x0000000081600000, 0x0000000084680000, 0x00000000d5d00000)
  object space 49664K, 10% used [0x0000000081600000,0x0000000081b07b70,0x0000000084680000)
 Metaspace       used 23364K, capacity 24060K, committed 24240K, reserved 1071104K
  class space    used 2937K, capacity 3126K, committed 3248K, reserved 1048576K
Event: 2.486 GC heap after
Heap after GC invocations=7 (full 1):
 PSYoungGen      total 121856K, used 4329K [0x00000000d5d00000, 0x00000000dec80000, 0x0000000100000000)
  eden space 117248K, 0% used [0x00000000d5d00000,0x00000000d5d00000,0x00000000dcf80000)
  from space 4608K, 93% used [0x00000000de800000,0x00000000dec3a730,0x00000000dec80000)
  to   space 9216K, 0% used [0x00000000dda80000,0x00000000dda80000,0x00000000de380000)
 ParOldGen       total 49664K, used 5158K [0x0000000081600000, 0x0000000084680000, 0x00000000d5d00000)
  object space 49664K, 10% used [0x0000000081600000,0x0000000081b09b70,0x0000000084680000)
 Metaspace       used 23364K, capacity 24060K, committed 24240K, reserved 1071104K
  class space    used 2937K, capacity 3126K, committed 3248K, reserved 1048576K
}
Event: 4.292 GC heap before
{Heap before GC invocations=8 (full 1):
 PSYoungGen      total 121856K, used 121577K [0x00000000d5d00000, 0x00000000dec80000, 0x0000000100000000)
  eden space 117248K, 100% used [0x00000000d5d00000,0x00000000dcf80000,0x00000000dcf80000)
  from space 4608K, 93% used [0x00000000de800000,0x00000000dec3a730,0x00000000dec80000)
  to   space 9216K, 0% used [0x00000000dda80000,0x00000000dda80000,0x00000000de380000)
 ParOldGen       total 49664K, used 5158K [0x0000000081600000, 0x0000000084680000, 0x00000000d5d00000)
  object space 49664K, 10% used [0x0000000081600000,0x0000000081b09b70,0x0000000084680000)
 Metaspace       used 26513K, capacity 27254K, committed 27440K, reserved 1073152K
  class space    used 3330K, capacity 3539K, committed 3632K, reserved 1048576K
Event: 4.307 GC heap after
Heap after GC invocations=8 (full 1):
 PSYoungGen      total 137728K, used 6536K [0x00000000d5d00000, 0x00000000e3380000, 0x0000000100000000)
  eden space 128512K, 0% used [0x00000000d5d00000,0x00000000d5d00000,0x00000000dda80000)
  from space 9216K, 70% used [0x00000000dda80000,0x00000000de0e2018,0x00000000de380000)
  to   space 9216K, 0% used [0x00000000e2a80000,0x00000000e2a80000,0x00000000e3380000)
 ParOldGen       total 49664K, used 5166K [0x0000000081600000, 0x0000000084680000, 0x00000000d5d00000)
  object space 49664K, 10% used [0x0000000081600000,0x0000000081b0bb70,0x0000000084680000)
 Metaspace       used 26513K, capacity 27254K, committed 27440K, reserved 1073152K
  class space    used 3330K, capacity 3539K, committed 3632K, reserved 1048576K
}
Event: 7.222 GC heap before
{Heap before GC invocations=9 (full 1):
 PSYoungGen      total 137728K, used 135048K [0x00000000d5d00000, 0x00000000e3380000, 0x0000000100000000)
  eden space 128512K, 100% used [0x00000000d5d00000,0x00000000dda80000,0x00000000dda80000)
  from space 9216K, 70% used [0x00000000dda80000,0x00000000de0e2018,0x00000000de380000)
  to   space 9216K, 0% used [0x00000000e2a80000,0x00000000e2a80000,0x00000000e3380000)
 ParOldGen       total 49664K, used 5166K [0x0000000081600000, 0x0000000084680000, 0x00000000d5d00000)
  object space 49664K, 10% used [0x0000000081600000,0x0000000081b0bb70,0x0000000084680000)
 Metaspace       used 33566K, capacity 34672K, committed 34864K, reserved 1079296K
  class space    used 4291K, capacity 4532K, committed 4656K, reserved 1048576K
Event: 7.236 GC heap after
Heap after GC invocations=9 (full 1):
 PSYoungGen      total 207872K, used 9205K [0x00000000d5d00000, 0x00000000e4480000, 0x0000000100000000)
  eden space 198656K, 0% used [0x00000000d5d00000,0x00000000d5d00000,0x00000000e1f00000)
  from space 9216K, 99% used [0x00000000e2a80000,0x00000000e337d620,0x00000000e3380000)
  to   space 11776K, 0% used [0x00000000e1f00000,0x00000000e1f00000,0x00000000e2a80000)
 ParOldGen       total 49664K, used 9350K [0x0000000081600000, 0x0000000084680000, 0x00000000d5d00000)
  object space 49664K, 18% used [0x0000000081600000,0x0000000081f219c0,0x0000000084680000)
 Metaspace       used 33566K, capacity 34672K, committed 34864K, reserved 1079296K
  class space    used 4291K, capacity 4532K, committed 4656K, reserved 1048576K
}
Event: 7.537 GC heap before
{Heap before GC invocations=10 (full 1):
 PSYoungGen      total 207872K, used 28218K [0x00000000d5d00000, 0x00000000e4480000, 0x0000000100000000)
  eden space 198656K, 9% used [0x00000000d5d00000,0x00000000d6f91360,0x00000000e1f00000)
  from space 9216K, 99% used [0x00000000e2a80000,0x00000000e337d620,0x00000000e3380000)
  to   space 11776K, 0% used [0x00000000e1f00000,0x00000000e1f00000,0x00000000e2a80000)
 ParOldGen       total 49664K, used 9350K [0x0000000081600000, 0x0000000084680000, 0x00000000d5d00000)
  object space 49664K, 18% used [0x0000000081600000,0x0000000081f219c0,0x0000000084680000)
 Metaspace       used 34269K, capacity 35402K, committed 35496K, reserved 1081344K
  class space    used 4408K, capacity 4653K, committed 4656K, reserved 1048576K
Event: 7.546 GC heap after
Heap after GC invocations=10 (full 1):
 PSYoungGen      total 210432K, used 6437K [0x00000000d5d00000, 0x00000000e8300000, 0x0000000100000000)
  eden space 198656K, 0% used [0x00000000d5d00000,0x00000000d5d00000,0x00000000e1f00000)
  from space 11776K, 54% used [0x00000000e1f00000,0x00000000e25496c0,0x00000000e2a80000)
  to   space 11264K, 0% used [0x00000000e7800000,0x00000000e7800000,0x00000000e8300000)
 ParOldGen       total 49664K, used 10314K [0x0000000081600000, 0x0000000084680000, 0x00000000d5d00000)
  object space 49664K, 20% used [0x0000000081600000,0x0000000082012b78,0x0000000084680000)
 Metaspace       used 34269K, capacity 35402K, committed 35496K, reserved 1081344K
  class space    used 4408K, capacity 4653K, committed 4656K, reserved 1048576K
}
Event: 7.546 GC heap before
{Heap before GC invocations=11 (full 2):
 PSYoungGen      total 210432K, used 6437K [0x00000000d5d00000, 0x00000000e8300000, 0x0000000100000000)
  eden space 198656K, 0% used [0x00000000d5d00000,0x00000000d5d00000,0x00000000e1f00000)
  from space 11776K, 54% used [0x00000000e1f00000,0x00000000e25496c0,0x00000000e2a80000)
  to   space 11264K, 0% used [0x00000000e7800000,0x00000000e7800000,0x00000000e8300000)
 ParOldGen       total 49664K, used 10314K [0x0000000081600000, 0x0000000084680000, 0x00000000d5d00000)
  object space 49664K, 20% used [0x0000000081600000,0x0000000082012b78,0x0000000084680000)
 Metaspace       used 34269K, capacity 35402K, committed 35496K, reserved 1081344K
  class space    used 4408K, capacity 4653K, committed 4656K, reserved 1048576K
Event: 7.620 GC heap after
Heap after GC invocations=11 (full 2):
 PSYoungGen      total 210432K, used 0K [0x00000000d5d00000, 0x00000000e8300000, 0x0000000100000000)
  eden space 198656K, 0% used [0x00000000d5d00000,0x00000000d5d00000,0x00000000e1f00000)
  from space 11776K, 0% used [0x00000000e1f00000,0x00000000e1f00000,0x00000000e2a80000)
  to   space 11264K, 0% used [0x00000000e7800000,0x00000000e7800000,0x00000000e8300000)
 ParOldGen       total 71168K, used 12150K [0x0000000081600000, 0x0000000085b80000, 0x00000000d5d00000)
  object space 71168K, 17% used [0x0000000081600000,0x00000000821dda38,0x0000000085b80000)
 Metaspace       used 34269K, capacity 35402K, committed 35496K, reserved 1081344K
  class space    used 4408K, capacity 4653K, committed 4656K, reserved 1048576K
}

